<?xml version="1.0" encoding="UTF-8"?>
<!-- Generated by org.testng.reporters.JUnitXMLReporter -->
<testsuite ignored="0" hostname="DESKTOP-1EJJFUM" failures="0" tests="6" name="Default test" time="224.641" errors="0" timestamp="2025-06-27T20:51:25 IST">
  <testcase classname="CompatibilityTesting.TestSignupAndLogin" name="signupAndLoginEdge" time="25.011"/>
  <testcase classname="CompatibilityTesting.TestSignupAndLogin" name="signupAndLoginChrome" time="26.622"/>
  <testcase classname="CompatibilityTesting.TestSignupAndLogin" name="signupAndLoginFirefox" time="29.306"/>
  <testcase classname="CompatibilityTesting.TestSignupAndLogin" name="addCarFunctionalityEdge" time="34.675"/>
  <testcase classname="CompatibilityTesting.TestSignupAndLogin" name="addCarFunctionalityChrome" time="33.165"/>
  <testcase classname="CompatibilityTesting.TestSignupAndLogin" name="addCarFunctionalityFirefox" time="57.249"/>
</testsuite> <!-- Default test -->
