<?xml version="1.0" encoding="UTF-8"?>
<testng-results ignored="0" total="1" passed="1" failed="0" skipped="0">
  <reporter-output>
  </reporter-output>
  <suite started-at="2025-06-30T14:52:31 IST" name="Default suite" finished-at="2025-06-30T14:54:09 IST" duration-ms="98095">
    <groups>
    </groups>
    <test started-at="2025-06-30T14:52:31 IST" name="Default test" finished-at="2025-06-30T14:54:09 IST" duration-ms="98095">
      <class name="MainProject.MainProjectCars.CarsModule">
        <test-method is-config="true" signature="beforeClass()[pri:0, instance:MainProject.MainProjectCars.CarsModule@2d3379b4]" started-at="2025-06-30T14:52:31 IST" name="beforeClass" finished-at="2025-06-30T14:52:38 IST" duration-ms="7497" status="PASS">
          <reporter-output>
          </reporter-output>
        </test-method> <!-- beforeClass -->
        <test-method signature="testGeneralTestCases()[pri:0, instance:MainProject.MainProjectCars.CarsModule@2d3379b4]" started-at="2025-06-30T14:52:38 IST" name="testGeneralTestCases" finished-at="2025-06-30T14:54:09 IST" duration-ms="90519" status="PASS">
          <reporter-output>
          </reporter-output>
        </test-method> <!-- testGeneralTestCases -->
      </class> <!-- MainProject.MainProjectCars.CarsModule -->
    </test> <!-- Default test -->
  </suite> <!-- Default suite -->
</testng-results>
