<?xml version="1.0" encoding="UTF-8"?>
<!-- Generated by org.testng.reporters.JUnitXMLReporter -->
<testsuite ignored="0" hostname="DESKTOP-1EJJFUM" failures="0" tests="7" name="Default test" time="119.269" errors="0" timestamp="2025-06-29T18:42:42 IST">
  <testcase classname="MainProjectContactTest.ContactTest" name="testGeneralTestCases" time="8.056"/>
  <testcase classname="MainProjectContactTest.ContactTest" name="testPageLoading" time="3.081"/>
  <testcase classname="MainProjectContactTest.ContactTest" name="testAfterLogin" time="28.562"/>
  <testcase classname="MainProjectContactTest.ContactTest" name="testPrintability" time="5.179"/>
  <testcase classname="MainProjectContactTest.ContactTest" name="testRefresh" time="19.266"/>
  <testcase classname="MainProjectContactTest.ContactTest" name="testKeyboardAccess" time="25.554"/>
  <testcase classname="MainProjectContactTest.ContactTest" name="testBottomPart" time="10.385"/>
</testsuite> <!-- Default test -->
