<?xml version="1.0" encoding="UTF-8"?>
<!-- Generated by org.testng.reporters.JUnitXMLReporter -->
<testsuite ignored="0" hostname="DESKTOP-1EJJFUM" failures="0" tests="20" name="Default test" time="206.719" errors="0" timestamp="2025-06-27T00:10:11 IST">
  <testcase classname="MainProject.LoginModule.LoginMainProject" name="loginPageUI" time="4.467"/>
  <testcase classname="MainProject.LoginModule.LoginMainProject" name="testFieldAcceptingInputs" time="4.927"/>
  <testcase classname="MainProject.LoginModule.LoginMainProject" name="testSpaceOnlyAsInput" time="2.356"/>
  <testcase classname="MainProject.LoginModule.LoginMainProject" name="testUppercaseCaseSensitivityPassword" time="4.07"/>
  <testcase classname="MainProject.LoginModule.LoginMainProject" name="testTabKeyNavigation" time="8.351"/>
  <testcase classname="MainProject.LoginModule.LoginMainProject" name="testValidUsernameValidPassword" time="2.327"/>
  <testcase classname="MainProject.LoginModule.LoginMainProject" name="testRefreshClearInputData" time="2.868"/>
  <testcase classname="MainProject.LoginModule.LoginMainProject" name="testRedirectionAfterLoginSuccess" time="2.331"/>
  <testcase classname="MainProject.LoginModule.LoginMainProject" name="testAccountPersistanceAfterMovingToOtherPage" time="17.586"/>
  <testcase classname="MainProject.LoginModule.LoginMainProject" name="testEmptyUsername" time="2.329"/>
  <testcase classname="MainProject.LoginModule.LoginMainProject" name="testEmptyPassWord" time="2.304"/>
  <testcase classname="MainProject.LoginModule.LoginMainProject" name="testEmptyInputFields" time="6.323"/>
  <testcase classname="MainProject.LoginModule.LoginMainProject" name="testWrongPassword" time="5.329"/>
  <testcase classname="MainProject.LoginModule.LoginMainProject" name="testWrongUsername" time="5.303"/>
  <testcase classname="MainProject.LoginModule.LoginMainProject" name="testWrongUsernameAndWrongPassword" time="6.78"/>
  <testcase classname="MainProject.LoginModule.LoginMainProject" name="testUsernameOnlyNumbers" time="2.279"/>
  <testcase classname="MainProject.LoginModule.LoginMainProject" name="testUsernameOnlySpecialCharecters" time="2.288"/>
  <testcase classname="MainProject.LoginModule.LoginMainProject" name="testLogout" time="2.307"/>
  <testcase classname="MainProject.LoginModule.LoginMainProject" name="testLogoutPersistence" time="16.473"/>
  <testcase classname="MainProject.LoginModule.LoginMainProject" name="testLogoutandBack" time="13.11"/>
</testsuite> <!-- Default test -->
