<?xml version="1.0" encoding="UTF-8"?>
<testng-results ignored="0" total="3" passed="3" failed="0" skipped="0">
  <reporter-output>
  </reporter-output>
  <suite started-at="2025-06-29T00:19:15 IST" name="Cross Browser Suite" finished-at="2025-06-29T00:19:52 IST" duration-ms="36563">
    <groups>
    </groups>
    <test started-at="2025-06-29T00:19:15 IST" name="Test1" finished-at="2025-06-29T00:19:32 IST" duration-ms="16879">
      <class name="MainProject.MainProjectSignUp.SignUpCrossBrowserTest">
        <test-method is-config="true" signature="beforetest(java.lang.String)[pri:0, instance:MainProject.MainProjectSignUp.SignUpCrossBrowserTest@36fc695d]" started-at="2025-06-29T00:19:15 IST" name="beforetest" finished-at="2025-06-29T00:19:24 IST" duration-ms="8550" status="PASS">
          <params>
            <param index="0">
              <value>
                <![CDATA[firefox]]>
              </value>
            </param>
          </params>
          <reporter-output>
          </reporter-output>
        </test-method> <!-- beforetest -->
        <test-method signature="pageLoading()[pri:0, instance:MainProject.MainProjectSignUp.SignUpCrossBrowserTest@36fc695d]" started-at="2025-06-29T00:19:24 IST" name="pageLoading" finished-at="2025-06-29T00:19:30 IST" duration-ms="6734" status="PASS">
          <reporter-output>
          </reporter-output>
        </test-method> <!-- pageLoading -->
        <test-method is-config="true" signature="afterTest()[pri:0, instance:MainProject.MainProjectSignUp.SignUpCrossBrowserTest@36fc695d]" started-at="2025-06-29T00:19:30 IST" name="afterTest" finished-at="2025-06-29T00:19:32 IST" duration-ms="1516" status="PASS">
          <reporter-output>
          </reporter-output>
        </test-method> <!-- afterTest -->
      </class> <!-- MainProject.MainProjectSignUp.SignUpCrossBrowserTest -->
    </test> <!-- Test1 -->
    <test started-at="2025-06-29T00:19:32 IST" name="Test2" finished-at="2025-06-29T00:19:41 IST" duration-ms="9438">
      <class name="MainProject.MainProjectSignUp.SignUpCrossBrowserTest">
        <test-method is-config="true" signature="beforetest(java.lang.String)[pri:0, instance:MainProject.MainProjectSignUp.SignUpCrossBrowserTest@179ece50]" started-at="2025-06-29T00:19:32 IST" name="beforetest" finished-at="2025-06-29T00:19:35 IST" duration-ms="3041" status="PASS">
          <params>
            <param index="0">
              <value>
                <![CDATA[chrome]]>
              </value>
            </param>
          </params>
          <reporter-output>
          </reporter-output>
        </test-method> <!-- beforetest -->
        <test-method signature="pageLoading()[pri:0, instance:MainProject.MainProjectSignUp.SignUpCrossBrowserTest@179ece50]" started-at="2025-06-29T00:19:35 IST" name="pageLoading" finished-at="2025-06-29T00:19:41 IST" duration-ms="6082" status="PASS">
          <reporter-output>
          </reporter-output>
        </test-method> <!-- pageLoading -->
        <test-method is-config="true" signature="afterTest()[pri:0, instance:MainProject.MainProjectSignUp.SignUpCrossBrowserTest@179ece50]" started-at="2025-06-29T00:19:41 IST" name="afterTest" finished-at="2025-06-29T00:19:41 IST" duration-ms="307" status="PASS">
          <reporter-output>
          </reporter-output>
        </test-method> <!-- afterTest -->
      </class> <!-- MainProject.MainProjectSignUp.SignUpCrossBrowserTest -->
    </test> <!-- Test2 -->
    <test started-at="2025-06-29T00:19:41 IST" name="Test3" finished-at="2025-06-29T00:19:52 IST" duration-ms="10159">
      <class name="MainProject.MainProjectSignUp.SignUpCrossBrowserTest">
        <test-method is-config="true" signature="beforetest(java.lang.String)[pri:0, instance:MainProject.MainProjectSignUp.SignUpCrossBrowserTest@3cd3e762]" started-at="2025-06-29T00:19:41 IST" name="beforetest" finished-at="2025-06-29T00:19:45 IST" duration-ms="3332" status="PASS">
          <params>
            <param index="0">
              <value>
                <![CDATA[edge]]>
              </value>
            </param>
          </params>
          <reporter-output>
          </reporter-output>
        </test-method> <!-- beforetest -->
        <test-method signature="pageLoading()[pri:0, instance:MainProject.MainProjectSignUp.SignUpCrossBrowserTest@3cd3e762]" started-at="2025-06-29T00:19:45 IST" name="pageLoading" finished-at="2025-06-29T00:19:51 IST" duration-ms="6382" status="PASS">
          <reporter-output>
          </reporter-output>
        </test-method> <!-- pageLoading -->
        <test-method is-config="true" signature="afterTest()[pri:0, instance:MainProject.MainProjectSignUp.SignUpCrossBrowserTest@3cd3e762]" started-at="2025-06-29T00:19:51 IST" name="afterTest" finished-at="2025-06-29T00:19:52 IST" duration-ms="435" status="PASS">
          <reporter-output>
          </reporter-output>
        </test-method> <!-- afterTest -->
      </class> <!-- MainProject.MainProjectSignUp.SignUpCrossBrowserTest -->
    </test> <!-- Test3 -->
  </suite> <!-- Cross Browser Suite -->
</testng-results>
